<?xml version="1.0" encoding="UTF-8"?>
<!DOCTYPE html PUBLIC "-//W3C//DTD XHTML 1.0 Strict//EN" "http://www.w3.org/TR/xhtml1/DTD/xhtml1-strict.dtd">
<html xmlns="http://www.w3.org/1999/xhtml">
<head>
    <title>Unit Test Report</title>
    <meta name="generator" content="HTMLTestRunner 0.8.2"/>
    <meta http-equiv="Content-Type" content="text/html; charset=UTF-8"/>
    
<style type="text/css" media="screen">
body        { font-family: verdana, arial, helvetica, sans-serif; font-size: 80%; }
table       { font-size: 100%; }
pre         { }

/* -- heading ---------------------------------------------------------------------- */
h1 {
	font-size: 16pt;
	color: gray;
}
.heading {
    margin-top: 0ex;
    margin-bottom: 1ex;
}

.heading .attribute {
    margin-top: 1ex;
    margin-bottom: 0;
}

.heading .description {
    margin-top: 4ex;
    margin-bottom: 6ex;
}

/* -- css div popup ------------------------------------------------------------------------ */
a.popup_link {
}

a.popup_link:hover {
    color: red;
}

.popup_window {
    display: none;
    position: relative;
    left: 0px;
    top: 0px;
    /*border: solid #627173 1px; */
    padding: 10px;
    background-color: #E6E6D6;
    font-family: "Lucida Console", "Courier New", Courier, monospace;
    text-align: left;
    font-size: 8pt;
    width: 500px;
}

}
/* -- report ------------------------------------------------------------------------ */
#show_detail_line {
    margin-top: 3ex;
    margin-bottom: 1ex;
}
#result_table {
    width: 80%;
    border-collapse: collapse;
    border: 1px solid #777;
}
#header_row {
    font-weight: bold;
    color: white;
    background-color: #777;
}
#result_table td {
    border: 1px solid #777;
    padding: 2px;
}
#total_row  { font-weight: bold; }
.passClass  { background-color: #6c6; }
.failClass  { background-color: #c60; }
.errorClass { background-color: #c00; }
.passCase   { color: #6c6; }
.failCase   { color: #c60; font-weight: bold; }
.errorCase  { color: #c00; font-weight: bold; }
.hiddenRow  { display: none; }
.testcase   { margin-left: 2em; }


/* -- ending ---------------------------------------------------------------------- */
#ending {
}

</style>

</head>
<body>
<script language="javascript" type="text/javascript"><!--
output_list = Array();

/* level - 0:Summary; 1:Failed; 2:All */
function showCase(level) {
    trs = document.getElementsByTagName("tr");
    for (var i = 0; i < trs.length; i++) {
        tr = trs[i];
        id = tr.id;
        if (id.substr(0,2) == 'ft') {
            if (level < 1) {
                tr.className = 'hiddenRow';
            }
            else {
                tr.className = '';
            }
        }
        if (id.substr(0,2) == 'pt') {
            if (level > 1) {
                tr.className = '';
            }
            else {
                tr.className = 'hiddenRow';
            }
        }
    }
}


function showClassDetail(cid, count) {
    var id_list = Array(count);
    var toHide = 1;
    for (var i = 0; i < count; i++) {
        tid0 = 't' + cid.substr(1) + '.' + (i+1);
        tid = 'f' + tid0;
        tr = document.getElementById(tid);
        if (!tr) {
            tid = 'p' + tid0;
            tr = document.getElementById(tid);
        }
        id_list[i] = tid;
        if (tr.className) {
            toHide = 0;
        }
    }
    for (var i = 0; i < count; i++) {
        tid = id_list[i];
        if (toHide) {
            document.getElementById('div_'+tid).style.display = 'none'
            document.getElementById(tid).className = 'hiddenRow';
        }
        else {
            document.getElementById(tid).className = '';
        }
    }
}


function showTestDetail(div_id){
    var details_div = document.getElementById(div_id)
    var displayState = details_div.style.display
    // alert(displayState)
    if (displayState != 'block' ) {
        displayState = 'block'
        details_div.style.display = 'block'
    }
    else {
        details_div.style.display = 'none'
    }
}


function html_escape(s) {
    s = s.replace(/&/g,'&amp;');
    s = s.replace(/</g,'&lt;');
    s = s.replace(/>/g,'&gt;');
    return s;
}

/* obsoleted by detail in <div>
function showOutput(id, name) {
    var w = window.open("", //url
                    name,
                    "resizable,scrollbars,status,width=800,height=450");
    d = w.document;
    d.write("<pre>");
    d.write(html_escape(output_list[id]));
    d.write("\n");
    d.write("<a href='javascript:window.close()'>close</a>\n");
    d.write("</pre>\n");
    d.close();
}
*/
--></script>

<div class='heading'>
<h1>Unit Test Report</h1>
<p class='attribute'><strong>Start Time:</strong> 2020-04-29 23:58:17</p>
<p class='attribute'><strong>Duration:</strong> 0:25:53.248648</p>
<p class='attribute'><strong>Status:</strong> Pass 25 Failure 5 Error 5</p>

<p class='description'></p>
</div>



<p id='show_detail_line'>Show
<a href='javascript:showCase(0)'>Summary</a>
<a href='javascript:showCase(1)'>Failed</a>
<a href='javascript:showCase(2)'>All</a>
</p>
<table id='result_table'>
<colgroup>
<col align='left' />
<col align='right' />
<col align='right' />
<col align='right' />
<col align='right' />
<col align='right' />
</colgroup>
<tr id='header_row'>
    <td>Test Group/Test case</td>
    <td>Count</td>
    <td>Pass</td>
    <td>Fail</td>
    <td>Error</td>
    <td>View</td>
</tr>

<tr class='passClass'>
    <td>woniuboss.bin.test_login.LoginTest</td>
    <td>5</td>
    <td>5</td>
    <td>0</td>
    <td>0</td>
    <td><a href="javascript:showClassDetail('c1',5)">Detail</a></td>
</tr>

<tr id='pt1.1' class='hiddenRow'>
    <td class='none'><div class='testcase'>test_login_0_WNCD000</div></td>
    <td colspan='5' align='center'>pass</td>
</tr>

<tr id='pt1.2' class='hiddenRow'>
    <td class='none'><div class='testcase'>test_login_1_</div></td>
    <td colspan='5' align='center'>pass</td>
</tr>

<tr id='pt1.3' class='hiddenRow'>
    <td class='none'><div class='testcase'>test_login_2_WNCD000</div></td>
    <td colspan='5' align='center'>pass</td>
</tr>

<tr id='pt1.4' class='hiddenRow'>
    <td class='none'><div class='testcase'>test_login_3_woniu123</div></td>
    <td colspan='5' align='center'>pass</td>
</tr>

<tr id='pt1.5' class='hiddenRow'>
    <td class='none'><div class='testcase'>test_login_4_WNCD000</div></td>
    <td colspan='5' align='center'>pass</td>
</tr>

<tr class='errorClass'>
    <td>woniuboss.bin.test_financial.FinancialTest</td>
    <td>4</td>
    <td>3</td>
    <td>0</td>
    <td>1</td>
    <td><a href="javascript:showClassDetail('c2',4)">Detail</a></td>
</tr>

<tr id='pt2.1' class='hiddenRow'>
    <td class='none'><div class='testcase'>test_add_flow_0_100</div></td>
    <td colspan='5' align='center'>pass</td>
</tr>

<tr id='pt2.2' class='hiddenRow'>
    <td class='none'><div class='testcase'>test_twice_decrypt_0_woniu123</div></td>
    <td colspan='5' align='center'>pass</td>
</tr>

<tr id='ft2.3' class='none'>
    <td class='errorCase'><div class='testcase'>test_twice_decrypt_1_123</div></td>
    <td colspan='5' align='center'>

    <!--css div popup start-->
    <a class="popup_link" onfocus='this.blur();' href="javascript:showTestDetail('div_ft2.3')" >
        error</a>

    <div id='div_ft2.3' class="popup_window">
        <div style='text-align: right; color:red;cursor:pointer'>
        <a onfocus='this.blur();' onclick="document.getElementById('div_ft2.3').style.display = 'none' " >
           [x]</a>
        </div>
        <pre>
        
ft2.3: Traceback (most recent call last):
  File "E:\tools\python3.6\lib\site-packages\parameterized\parameterized.py", line 518, in standalone_func
    return func(*(a + p.args), **p.kwargs)
  File "E:\tools\workspaceTwo\woniuboss\bin\test_financial.py", line 56, in test_twice_decrypt
    self.financial.decrypt('..\\config\\base.conf', add_password_data)
  File "E:\tools\workspaceTwo\woniuboss\lib\financial_manage.py", line 58, in decrypt
    self.input_password(add_password_data['password'])
  File "E:\tools\workspaceTwo\woniuboss\lib\financial_manage.py", line 45, in input_password
    Service.send_input(psword, password)
  File "E:\tools\workspaceTwo\woniuboss\tools\service.py", line 18, in send_input
    ele.click()
  File "E:\tools\python3.6\lib\site-packages\selenium\webdriver\remote\webelement.py", line 80, in click
    self._execute(Command.CLICK_ELEMENT)
  File "E:\tools\python3.6\lib\site-packages\selenium\webdriver\remote\webelement.py", line 633, in _execute
    return self._parent.execute(command, params)
  File "E:\tools\python3.6\lib\site-packages\selenium\webdriver\remote\webdriver.py", line 321, in execute
    self.error_handler.check_response(response)
  File "E:\tools\python3.6\lib\site-packages\selenium\webdriver\remote\errorhandler.py", line 242, in check_response
    raise exception_class(message, screen, stacktrace)
selenium.common.exceptions.ElementNotInteractableException: Message: Element &lt;input name="secondPass" type="password"&gt; could not be scrolled into view

Traceback (most recent call last):
  File "E:\tools\python3.6\lib\site-packages\parameterized\parameterized.py", line 518, in standalone_func
    return func(*(a + p.args), **p.kwargs)
  File "E:\tools\workspaceTwo\woniuboss\bin\test_financial.py", line 56, in test_twice_decrypt
    self.financial.decrypt('..\\config\\base.conf', add_password_data)
  File "E:\tools\workspaceTwo\woniuboss\lib\financial_manage.py", line 58, in decrypt
    self.input_password(add_password_data['password'])
  File "E:\tools\workspaceTwo\woniuboss\lib\financial_manage.py", line 45, in input_password
    Service.send_input(psword, password)
  File "E:\tools\workspaceTwo\woniuboss\tools\service.py", line 18, in send_input
    ele.click()
  File "E:\tools\python3.6\lib\site-packages\selenium\webdriver\remote\webelement.py", line 80, in click
    self._execute(Command.CLICK_ELEMENT)
  File "E:\tools\python3.6\lib\site-packages\selenium\webdriver\remote\webelement.py", line 633, in _execute
    return self._parent.execute(command, params)
  File "E:\tools\python3.6\lib\site-packages\selenium\webdriver\remote\webdriver.py", line 321, in execute
    self.error_handler.check_response(response)
  File "E:\tools\python3.6\lib\site-packages\selenium\webdriver\remote\errorhandler.py", line 242, in check_response
    raise exception_class(message, screen, stacktrace)
selenium.common.exceptions.ElementNotInteractableException: Message: Element &lt;input name="secondPass" type="password"&gt; could not be scrolled into view



        </pre>
    </div>
    <!--css div popup end-->

    </td>
</tr>

<tr id='pt2.4' class='hiddenRow'>
    <td class='none'><div class='testcase'>test_twice_decrypt_2_</div></td>
    <td colspan='5' align='center'>pass</td>
</tr>

<tr class='errorClass'>
    <td>woniuboss.bin.test_enterprise.EnterpriseTest</td>
    <td>15</td>
    <td>10</td>
    <td>3</td>
    <td>2</td>
    <td><a href="javascript:showClassDetail('c3',15)">Detail</a></td>
</tr>

<tr id='pt3.1' class='hiddenRow'>
    <td class='none'><div class='testcase'>test_add_enterprise_0__</div></td>
    <td colspan='5' align='center'>pass</td>
</tr>

<tr id='pt3.2' class='hiddenRow'>
    <td class='none'><div class='testcase'>test_add_enterprise_1_</div></td>
    <td colspan='5' align='center'>pass</td>
</tr>

<tr id='pt3.3' class='hiddenRow'>
    <td class='none'><div class='testcase'>test_add_enterprise_2__</div></td>
    <td colspan='5' align='center'>pass</td>
</tr>

<tr id='pt3.4' class='hiddenRow'>
    <td class='none'><div class='testcase'>test_add_enterprise_3__</div></td>
    <td colspan='5' align='center'>pass</td>
</tr>

<tr id='pt3.5' class='hiddenRow'>
    <td class='none'><div class='testcase'>test_add_enterprise_4__</div></td>
    <td colspan='5' align='center'>pass</td>
</tr>

<tr id='ft3.6' class='none'>
    <td class='errorCase'><div class='testcase'>test_add_enterprise_5__</div></td>
    <td colspan='5' align='center'>

    <!--css div popup start-->
    <a class="popup_link" onfocus='this.blur();' href="javascript:showTestDetail('div_ft3.6')" >
        error</a>

    <div id='div_ft3.6' class="popup_window">
        <div style='text-align: right; color:red;cursor:pointer'>
        <a onfocus='this.blur();' onclick="document.getElementById('div_ft3.6').style.display = 'none' " >
           [x]</a>
        </div>
        <pre>
        
ft3.6: Traceback (most recent call last):
  File "E:\tools\python3.6\lib\site-packages\parameterized\parameterized.py", line 518, in standalone_func
    return func(*(a + p.args), **p.kwargs)
  File "E:\tools\workspaceTwo\woniuboss\bin\test_enterprise.py", line 34, in test_add_enterprise
    self.enterprise.add_enterprise('..\\config\\base.conf', add_enterprise_data)
  File "E:\tools\workspaceTwo\woniuboss\lib\enterprise_customer.py", line 58, in add_enterprise
    self.input_entname(add_enterprise_data['newentname'])
  File "E:\tools\workspaceTwo\woniuboss\lib\enterprise_customer.py", line 15, in input_entname
    Service.send_input(ename,newentname)
  File "E:\tools\workspaceTwo\woniuboss\tools\service.py", line 18, in send_input
    ele.click()
  File "E:\tools\python3.6\lib\site-packages\selenium\webdriver\remote\webelement.py", line 80, in click
    self._execute(Command.CLICK_ELEMENT)
  File "E:\tools\python3.6\lib\site-packages\selenium\webdriver\remote\webelement.py", line 633, in _execute
    return self._parent.execute(command, params)
  File "E:\tools\python3.6\lib\site-packages\selenium\webdriver\remote\webdriver.py", line 321, in execute
    self.error_handler.check_response(response)
  File "E:\tools\python3.6\lib\site-packages\selenium\webdriver\remote\errorhandler.py", line 242, in check_response
    raise exception_class(message, screen, stacktrace)
selenium.common.exceptions.ElementNotInteractableException: Message: Element &lt;input id="newentname" class="form-control text" name="ent.ent_name" type="text"&gt; could not be scrolled into view

Traceback (most recent call last):
  File "E:\tools\python3.6\lib\site-packages\parameterized\parameterized.py", line 518, in standalone_func
    return func(*(a + p.args), **p.kwargs)
  File "E:\tools\workspaceTwo\woniuboss\bin\test_enterprise.py", line 34, in test_add_enterprise
    self.enterprise.add_enterprise('..\\config\\base.conf', add_enterprise_data)
  File "E:\tools\workspaceTwo\woniuboss\lib\enterprise_customer.py", line 58, in add_enterprise
    self.input_entname(add_enterprise_data['newentname'])
  File "E:\tools\workspaceTwo\woniuboss\lib\enterprise_customer.py", line 15, in input_entname
    Service.send_input(ename,newentname)
  File "E:\tools\workspaceTwo\woniuboss\tools\service.py", line 18, in send_input
    ele.click()
  File "E:\tools\python3.6\lib\site-packages\selenium\webdriver\remote\webelement.py", line 80, in click
    self._execute(Command.CLICK_ELEMENT)
  File "E:\tools\python3.6\lib\site-packages\selenium\webdriver\remote\webelement.py", line 633, in _execute
    return self._parent.execute(command, params)
  File "E:\tools\python3.6\lib\site-packages\selenium\webdriver\remote\webdriver.py", line 321, in execute
    self.error_handler.check_response(response)
  File "E:\tools\python3.6\lib\site-packages\selenium\webdriver\remote\errorhandler.py", line 242, in check_response
    raise exception_class(message, screen, stacktrace)
selenium.common.exceptions.ElementNotInteractableException: Message: Element &lt;input id="newentname" class="form-control text" name="ent.ent_name" type="text"&gt; could not be scrolled into view



        </pre>
    </div>
    <!--css div popup end-->

    </td>
</tr>

<tr id='ft3.7' class='none'>
    <td class='failCase'><div class='testcase'>test_add_enterprise_6_123</div></td>
    <td colspan='5' align='center'>

    <!--css div popup start-->
    <a class="popup_link" onfocus='this.blur();' href="javascript:showTestDetail('div_ft3.7')" >
        fail</a>

    <div id='div_ft3.7' class="popup_window">
        <div style='text-align: right; color:red;cursor:pointer'>
        <a onfocus='this.blur();' onclick="document.getElementById('div_ft3.7').style.display = 'none' " >
           [x]</a>
        </div>
        <pre>
        
ft3.7: Traceback (most recent call last):
  File "E:\tools\python3.6\lib\site-packages\parameterized\parameterized.py", line 518, in standalone_func
    return func(*(a + p.args), **p.kwargs)
  File "E:\tools\workspaceTwo\woniuboss\bin\test_enterprise.py", line 50, in test_add_enterprise
    self.assertEqual(actual, expect)
AssertionError: 'add-success' != 'add-fail'
- add-success
+ add-fail

Traceback (most recent call last):
  File "E:\tools\python3.6\lib\site-packages\parameterized\parameterized.py", line 518, in standalone_func
    return func(*(a + p.args), **p.kwargs)
  File "E:\tools\workspaceTwo\woniuboss\bin\test_enterprise.py", line 50, in test_add_enterprise
    self.assertEqual(actual, expect)
AssertionError: 'add-success' != 'add-fail'
- add-success
+ add-fail



        </pre>
    </div>
    <!--css div popup end-->

    </td>
</tr>

<tr id='ft3.8' class='none'>
    <td class='failCase'><div class='testcase'>test_add_enterprise_7__</div></td>
    <td colspan='5' align='center'>

    <!--css div popup start-->
    <a class="popup_link" onfocus='this.blur();' href="javascript:showTestDetail('div_ft3.8')" >
        fail</a>

    <div id='div_ft3.8' class="popup_window">
        <div style='text-align: right; color:red;cursor:pointer'>
        <a onfocus='this.blur();' onclick="document.getElementById('div_ft3.8').style.display = 'none' " >
           [x]</a>
        </div>
        <pre>
        
ft3.8: Traceback (most recent call last):
  File "E:\tools\python3.6\lib\site-packages\parameterized\parameterized.py", line 518, in standalone_func
    return func(*(a + p.args), **p.kwargs)
  File "E:\tools\workspaceTwo\woniuboss\bin\test_enterprise.py", line 50, in test_add_enterprise
    self.assertEqual(actual, expect)
AssertionError: 'add-success' != 'add-fail'
- add-success
+ add-fail

Traceback (most recent call last):
  File "E:\tools\python3.6\lib\site-packages\parameterized\parameterized.py", line 518, in standalone_func
    return func(*(a + p.args), **p.kwargs)
  File "E:\tools\workspaceTwo\woniuboss\bin\test_enterprise.py", line 50, in test_add_enterprise
    self.assertEqual(actual, expect)
AssertionError: 'add-success' != 'add-fail'
- add-success
+ add-fail



        </pre>
    </div>
    <!--css div popup end-->

    </td>
</tr>

<tr id='ft3.9' class='none'>
    <td class='failCase'><div class='testcase'>test_add_enterprise_8__</div></td>
    <td colspan='5' align='center'>

    <!--css div popup start-->
    <a class="popup_link" onfocus='this.blur();' href="javascript:showTestDetail('div_ft3.9')" >
        fail</a>

    <div id='div_ft3.9' class="popup_window">
        <div style='text-align: right; color:red;cursor:pointer'>
        <a onfocus='this.blur();' onclick="document.getElementById('div_ft3.9').style.display = 'none' " >
           [x]</a>
        </div>
        <pre>
        
ft3.9: Traceback (most recent call last):
  File "E:\tools\python3.6\lib\site-packages\parameterized\parameterized.py", line 518, in standalone_func
    return func(*(a + p.args), **p.kwargs)
  File "E:\tools\workspaceTwo\woniuboss\bin\test_enterprise.py", line 50, in test_add_enterprise
    self.assertEqual(actual, expect)
AssertionError: 'add-success' != 'add-fail'
- add-success
+ add-fail

Traceback (most recent call last):
  File "E:\tools\python3.6\lib\site-packages\parameterized\parameterized.py", line 518, in standalone_func
    return func(*(a + p.args), **p.kwargs)
  File "E:\tools\workspaceTwo\woniuboss\bin\test_enterprise.py", line 50, in test_add_enterprise
    self.assertEqual(actual, expect)
AssertionError: 'add-success' != 'add-fail'
- add-success
+ add-fail



        </pre>
    </div>
    <!--css div popup end-->

    </td>
</tr>

<tr id='ft3.10' class='none'>
    <td class='errorCase'><div class='testcase'>test_edit_enterprise_0__</div></td>
    <td colspan='5' align='center'>

    <!--css div popup start-->
    <a class="popup_link" onfocus='this.blur();' href="javascript:showTestDetail('div_ft3.10')" >
        error</a>

    <div id='div_ft3.10' class="popup_window">
        <div style='text-align: right; color:red;cursor:pointer'>
        <a onfocus='this.blur();' onclick="document.getElementById('div_ft3.10').style.display = 'none' " >
           [x]</a>
        </div>
        <pre>
        
ft3.10: Traceback (most recent call last):
  File "E:\tools\python3.6\lib\site-packages\parameterized\parameterized.py", line 518, in standalone_func
    return func(*(a + p.args), **p.kwargs)
  File "E:\tools\workspaceTwo\woniuboss\bin\test_enterprise.py", line 59, in test_edit_enterprise
    self.enterprise.edit_enterprise('..\\config\\base.conf', edit_enterprise_data)
  File "E:\tools\workspaceTwo\woniuboss\lib\enterprise_customer.py", line 93, in edit_enterprise
    self.edit_employee_name(edit_enterprise_data['entName'])
  File "E:\tools\workspaceTwo\woniuboss\lib\enterprise_customer.py", line 75, in edit_employee_name
    Service.send_input(employee_name,entName)
  File "E:\tools\workspaceTwo\woniuboss\tools\service.py", line 18, in send_input
    ele.click()
  File "E:\tools\python3.6\lib\site-packages\selenium\webdriver\remote\webelement.py", line 80, in click
    self._execute(Command.CLICK_ELEMENT)
  File "E:\tools\python3.6\lib\site-packages\selenium\webdriver\remote\webelement.py", line 633, in _execute
    return self._parent.execute(command, params)
  File "E:\tools\python3.6\lib\site-packages\selenium\webdriver\remote\webdriver.py", line 321, in execute
    self.error_handler.check_response(response)
  File "E:\tools\python3.6\lib\site-packages\selenium\webdriver\remote\errorhandler.py", line 242, in check_response
    raise exception_class(message, screen, stacktrace)
selenium.common.exceptions.ElementNotInteractableException: Message: Element &lt;input id="entName" class="form-control text" name="ent.ent_name" type="text"&gt; could not be scrolled into view

Traceback (most recent call last):
  File "E:\tools\python3.6\lib\site-packages\parameterized\parameterized.py", line 518, in standalone_func
    return func(*(a + p.args), **p.kwargs)
  File "E:\tools\workspaceTwo\woniuboss\bin\test_enterprise.py", line 59, in test_edit_enterprise
    self.enterprise.edit_enterprise('..\\config\\base.conf', edit_enterprise_data)
  File "E:\tools\workspaceTwo\woniuboss\lib\enterprise_customer.py", line 93, in edit_enterprise
    self.edit_employee_name(edit_enterprise_data['entName'])
  File "E:\tools\workspaceTwo\woniuboss\lib\enterprise_customer.py", line 75, in edit_employee_name
    Service.send_input(employee_name,entName)
  File "E:\tools\workspaceTwo\woniuboss\tools\service.py", line 18, in send_input
    ele.click()
  File "E:\tools\python3.6\lib\site-packages\selenium\webdriver\remote\webelement.py", line 80, in click
    self._execute(Command.CLICK_ELEMENT)
  File "E:\tools\python3.6\lib\site-packages\selenium\webdriver\remote\webelement.py", line 633, in _execute
    return self._parent.execute(command, params)
  File "E:\tools\python3.6\lib\site-packages\selenium\webdriver\remote\webdriver.py", line 321, in execute
    self.error_handler.check_response(response)
  File "E:\tools\python3.6\lib\site-packages\selenium\webdriver\remote\errorhandler.py", line 242, in check_response
    raise exception_class(message, screen, stacktrace)
selenium.common.exceptions.ElementNotInteractableException: Message: Element &lt;input id="entName" class="form-control text" name="ent.ent_name" type="text"&gt; could not be scrolled into view



        </pre>
    </div>
    <!--css div popup end-->

    </td>
</tr>

<tr id='pt3.11' class='hiddenRow'>
    <td class='none'><div class='testcase'>test_edit_enterprise_1_</div></td>
    <td colspan='5' align='center'>pass</td>
</tr>

<tr id='pt3.12' class='hiddenRow'>
    <td class='none'><div class='testcase'>test_edit_enterprise_2__</div></td>
    <td colspan='5' align='center'>pass</td>
</tr>

<tr id='pt3.13' class='hiddenRow'>
    <td class='none'><div class='testcase'>test_search_enterprise_0__</div></td>
    <td colspan='5' align='center'>pass</td>
</tr>

<tr id='pt3.14' class='hiddenRow'>
    <td class='none'><div class='testcase'>test_search_enterprise_1__</div></td>
    <td colspan='5' align='center'>pass</td>
</tr>

<tr id='pt3.15' class='hiddenRow'>
    <td class='none'><div class='testcase'>test_search_enterprise_2_</div></td>
    <td colspan='5' align='center'>pass</td>
</tr>

<tr class='errorClass'>
    <td>woniuboss.bin.test_employment.EmployTest</td>
    <td>11</td>
    <td>7</td>
    <td>2</td>
    <td>2</td>
    <td><a href="javascript:showClassDetail('c4',11)">Detail</a></td>
</tr>

<tr id='ft4.1' class='none'>
    <td class='failCase'><div class='testcase'>test_mock_interview_0_</div></td>
    <td colspan='5' align='center'>

    <!--css div popup start-->
    <a class="popup_link" onfocus='this.blur();' href="javascript:showTestDetail('div_ft4.1')" >
        fail</a>

    <div id='div_ft4.1' class="popup_window">
        <div style='text-align: right; color:red;cursor:pointer'>
        <a onfocus='this.blur();' onclick="document.getElementById('div_ft4.1').style.display = 'none' " >
           [x]</a>
        </div>
        <pre>
        
ft4.1: Traceback (most recent call last):
  File "E:\tools\python3.6\lib\site-packages\parameterized\parameterized.py", line 518, in standalone_func
    return func(*(a + p.args), **p.kwargs)
  File "E:\tools\workspaceTwo\woniuboss\bin\test_employment.py", line 56, in test_mock_interview
    self.assertEqual(actual, expect)
AssertionError: 'mock_success' != 'mock_fail'
- mock_success
+ mock_fail

Traceback (most recent call last):
  File "E:\tools\python3.6\lib\site-packages\parameterized\parameterized.py", line 518, in standalone_func
    return func(*(a + p.args), **p.kwargs)
  File "E:\tools\workspaceTwo\woniuboss\bin\test_employment.py", line 56, in test_mock_interview
    self.assertEqual(actual, expect)
AssertionError: 'mock_success' != 'mock_fail'
- mock_success
+ mock_fail



        </pre>
    </div>
    <!--css div popup end-->

    </td>
</tr>

<tr id='ft4.2' class='none'>
    <td class='failCase'><div class='testcase'>test_mock_interview_1_10000</div></td>
    <td colspan='5' align='center'>

    <!--css div popup start-->
    <a class="popup_link" onfocus='this.blur();' href="javascript:showTestDetail('div_ft4.2')" >
        fail</a>

    <div id='div_ft4.2' class="popup_window">
        <div style='text-align: right; color:red;cursor:pointer'>
        <a onfocus='this.blur();' onclick="document.getElementById('div_ft4.2').style.display = 'none' " >
           [x]</a>
        </div>
        <pre>
        
ft4.2: Traceback (most recent call last):
  File "E:\tools\python3.6\lib\site-packages\parameterized\parameterized.py", line 518, in standalone_func
    return func(*(a + p.args), **p.kwargs)
  File "E:\tools\workspaceTwo\woniuboss\bin\test_employment.py", line 56, in test_mock_interview
    self.assertEqual(actual, expect)
AssertionError: 'mock_success' != 'mock_fail'
- mock_success
+ mock_fail

Traceback (most recent call last):
  File "E:\tools\python3.6\lib\site-packages\parameterized\parameterized.py", line 518, in standalone_func
    return func(*(a + p.args), **p.kwargs)
  File "E:\tools\workspaceTwo\woniuboss\bin\test_employment.py", line 56, in test_mock_interview
    self.assertEqual(actual, expect)
AssertionError: 'mock_success' != 'mock_fail'
- mock_success
+ mock_fail



        </pre>
    </div>
    <!--css div popup end-->

    </td>
</tr>

<tr id='ft4.3' class='none'>
    <td class='errorCase'><div class='testcase'>test_mock_interview_2_10000</div></td>
    <td colspan='5' align='center'>

    <!--css div popup start-->
    <a class="popup_link" onfocus='this.blur();' href="javascript:showTestDetail('div_ft4.3')" >
        error</a>

    <div id='div_ft4.3' class="popup_window">
        <div style='text-align: right; color:red;cursor:pointer'>
        <a onfocus='this.blur();' onclick="document.getElementById('div_ft4.3').style.display = 'none' " >
           [x]</a>
        </div>
        <pre>
        
ft4.3: Traceback (most recent call last):
  File "E:\tools\python3.6\lib\site-packages\parameterized\parameterized.py", line 518, in standalone_func
    return func(*(a + p.args), **p.kwargs)
  File "E:\tools\workspaceTwo\woniuboss\bin\test_employment.py", line 51, in test_mock_interview
    self.employ.mock_interview('..\\config\\base.conf',mock_interview_data)
  File "E:\tools\workspaceTwo\woniuboss\lib\employment_manage.py", line 82, in mock_interview
    driver.switch_to.alert.accept()
  File "E:\tools\python3.6\lib\site-packages\selenium\webdriver\remote\switch_to.py", line 55, in alert
    alert.text
  File "E:\tools\python3.6\lib\site-packages\selenium\webdriver\common\alert.py", line 67, in text
    return self.driver.execute(Command.W3C_GET_ALERT_TEXT)["value"]
  File "E:\tools\python3.6\lib\site-packages\selenium\webdriver\remote\webdriver.py", line 321, in execute
    self.error_handler.check_response(response)
  File "E:\tools\python3.6\lib\site-packages\selenium\webdriver\remote\errorhandler.py", line 242, in check_response
    raise exception_class(message, screen, stacktrace)
selenium.common.exceptions.NoAlertPresentException: Message: 

Traceback (most recent call last):
  File "E:\tools\python3.6\lib\site-packages\parameterized\parameterized.py", line 518, in standalone_func
    return func(*(a + p.args), **p.kwargs)
  File "E:\tools\workspaceTwo\woniuboss\bin\test_employment.py", line 51, in test_mock_interview
    self.employ.mock_interview('..\\config\\base.conf',mock_interview_data)
  File "E:\tools\workspaceTwo\woniuboss\lib\employment_manage.py", line 82, in mock_interview
    driver.switch_to.alert.accept()
  File "E:\tools\python3.6\lib\site-packages\selenium\webdriver\remote\switch_to.py", line 55, in alert
    alert.text
  File "E:\tools\python3.6\lib\site-packages\selenium\webdriver\common\alert.py", line 67, in text
    return self.driver.execute(Command.W3C_GET_ALERT_TEXT)["value"]
  File "E:\tools\python3.6\lib\site-packages\selenium\webdriver\remote\webdriver.py", line 321, in execute
    self.error_handler.check_response(response)
  File "E:\tools\python3.6\lib\site-packages\selenium\webdriver\remote\errorhandler.py", line 242, in check_response
    raise exception_class(message, screen, stacktrace)
selenium.common.exceptions.NoAlertPresentException: Message: 



        </pre>
    </div>
    <!--css div popup end-->

    </td>
</tr>

<tr id='pt4.4' class='hiddenRow'>
    <td class='none'><div class='testcase'>test_search_0__</div></td>
    <td colspan='5' align='center'>pass</td>
</tr>

<tr id='pt4.5' class='hiddenRow'>
    <td class='none'><div class='testcase'>test_search_1__</div></td>
    <td colspan='5' align='center'>pass</td>
</tr>

<tr id='pt4.6' class='hiddenRow'>
    <td class='none'><div class='testcase'>test_search_2_234</div></td>
    <td colspan='5' align='center'>pass</td>
</tr>

<tr id='ft4.7' class='none'>
    <td class='errorCase'><div class='testcase'>test_search_3__</div></td>
    <td colspan='5' align='center'>

    <!--css div popup start-->
    <a class="popup_link" onfocus='this.blur();' href="javascript:showTestDetail('div_ft4.7')" >
        error</a>

    <div id='div_ft4.7' class="popup_window">
        <div style='text-align: right; color:red;cursor:pointer'>
        <a onfocus='this.blur();' onclick="document.getElementById('div_ft4.7').style.display = 'none' " >
           [x]</a>
        </div>
        <pre>
        
ft4.7: Traceback (most recent call last):
  File "E:\tools\python3.6\lib\site-packages\parameterized\parameterized.py", line 518, in standalone_func
    return func(*(a + p.args), **p.kwargs)
  File "E:\tools\workspaceTwo\woniuboss\bin\test_employment.py", line 62, in test_search
    self.employ.search_name('..\\config\\base.conf',search_data)
  File "E:\tools\workspaceTwo\woniuboss\lib\employment_manage.py", line 120, in search_name
    self.input_password()
  File "E:\tools\workspaceTwo\woniuboss\lib\employment_manage.py", line 91, in input_password
    Service.send_input(password,'woniu123')
  File "E:\tools\workspaceTwo\woniuboss\tools\service.py", line 18, in send_input
    ele.click()
  File "E:\tools\python3.6\lib\site-packages\selenium\webdriver\remote\webelement.py", line 80, in click
    self._execute(Command.CLICK_ELEMENT)
  File "E:\tools\python3.6\lib\site-packages\selenium\webdriver\remote\webelement.py", line 633, in _execute
    return self._parent.execute(command, params)
  File "E:\tools\python3.6\lib\site-packages\selenium\webdriver\remote\webdriver.py", line 321, in execute
    self.error_handler.check_response(response)
  File "E:\tools\python3.6\lib\site-packages\selenium\webdriver\remote\errorhandler.py", line 242, in check_response
    raise exception_class(message, screen, stacktrace)
selenium.common.exceptions.ElementNotInteractableException: Message: Element &lt;input name="secondPass" type="password"&gt; could not be scrolled into view

Traceback (most recent call last):
  File "E:\tools\python3.6\lib\site-packages\parameterized\parameterized.py", line 518, in standalone_func
    return func(*(a + p.args), **p.kwargs)
  File "E:\tools\workspaceTwo\woniuboss\bin\test_employment.py", line 62, in test_search
    self.employ.search_name('..\\config\\base.conf',search_data)
  File "E:\tools\workspaceTwo\woniuboss\lib\employment_manage.py", line 120, in search_name
    self.input_password()
  File "E:\tools\workspaceTwo\woniuboss\lib\employment_manage.py", line 91, in input_password
    Service.send_input(password,'woniu123')
  File "E:\tools\workspaceTwo\woniuboss\tools\service.py", line 18, in send_input
    ele.click()
  File "E:\tools\python3.6\lib\site-packages\selenium\webdriver\remote\webelement.py", line 80, in click
    self._execute(Command.CLICK_ELEMENT)
  File "E:\tools\python3.6\lib\site-packages\selenium\webdriver\remote\webelement.py", line 633, in _execute
    return self._parent.execute(command, params)
  File "E:\tools\python3.6\lib\site-packages\selenium\webdriver\remote\webdriver.py", line 321, in execute
    self.error_handler.check_response(response)
  File "E:\tools\python3.6\lib\site-packages\selenium\webdriver\remote\errorhandler.py", line 242, in check_response
    raise exception_class(message, screen, stacktrace)
selenium.common.exceptions.ElementNotInteractableException: Message: Element &lt;input name="secondPass" type="password"&gt; could not be scrolled into view



        </pre>
    </div>
    <!--css div popup end-->

    </td>
</tr>

<tr id='pt4.8' class='hiddenRow'>
    <td class='none'><div class='testcase'>test_search_4_</div></td>
    <td colspan='5' align='center'>pass</td>
</tr>

<tr id='pt4.9' class='hiddenRow'>
    <td class='none'><div class='testcase'>test_technical_interview_0__</div></td>
    <td colspan='5' align='center'>pass</td>
</tr>

<tr id='pt4.10' class='hiddenRow'>
    <td class='none'><div class='testcase'>test_technical_interview_1_</div></td>
    <td colspan='5' align='center'>pass</td>
</tr>

<tr id='pt4.11' class='hiddenRow'>
    <td class='none'><div class='testcase'>test_technical_interview_2__</div></td>
    <td colspan='5' align='center'>pass</td>
</tr>

<tr id='total_row'>
    <td>Total</td>
    <td>35</td>
    <td>25</td>
    <td>5</td>
    <td>5</td>
    <td>&nbsp;</td>
</tr>
</table>

<div id='ending'>&nbsp;</div>

</body>
</html>
