<?xml version="1.0" encoding="UTF-8"?>
<!DOCTYPE html PUBLIC "-//W3C//DTD XHTML 1.0 Strict//EN" "http://www.w3.org/TR/xhtml1/DTD/xhtml1-strict.dtd">
<html xmlns="http://www.w3.org/1999/xhtml">
<head>
    <title>Unit Test Report</title>
    <meta name="generator" content="HTMLTestRunner 0.8.2"/>
    <meta http-equiv="Content-Type" content="text/html; charset=UTF-8"/>
    
<style type="text/css" media="screen">
body        { font-family: verdana, arial, helvetica, sans-serif; font-size: 80%; }
table       { font-size: 100%; }
pre         { }

/* -- heading ---------------------------------------------------------------------- */
h1 {
	font-size: 16pt;
	color: gray;
}
.heading {
    margin-top: 0ex;
    margin-bottom: 1ex;
}

.heading .attribute {
    margin-top: 1ex;
    margin-bottom: 0;
}

.heading .description {
    margin-top: 4ex;
    margin-bottom: 6ex;
}

/* -- css div popup ------------------------------------------------------------------------ */
a.popup_link {
}

a.popup_link:hover {
    color: red;
}

.popup_window {
    display: none;
    position: relative;
    left: 0px;
    top: 0px;
    /*border: solid #627173 1px; */
    padding: 10px;
    background-color: #E6E6D6;
    font-family: "Lucida Console", "Courier New", Courier, monospace;
    text-align: left;
    font-size: 8pt;
    width: 500px;
}

}
/* -- report ------------------------------------------------------------------------ */
#show_detail_line {
    margin-top: 3ex;
    margin-bottom: 1ex;
}
#result_table {
    width: 80%;
    border-collapse: collapse;
    border: 1px solid #777;
}
#header_row {
    font-weight: bold;
    color: white;
    background-color: #777;
}
#result_table td {
    border: 1px solid #777;
    padding: 2px;
}
#total_row  { font-weight: bold; }
.passClass  { background-color: #6c6; }
.failClass  { background-color: #c60; }
.errorClass { background-color: #c00; }
.passCase   { color: #6c6; }
.failCase   { color: #c60; font-weight: bold; }
.errorCase  { color: #c00; font-weight: bold; }
.hiddenRow  { display: none; }
.testcase   { margin-left: 2em; }


/* -- ending ---------------------------------------------------------------------- */
#ending {
}

</style>

</head>
<body>
<script language="javascript" type="text/javascript"><!--
output_list = Array();

/* level - 0:Summary; 1:Failed; 2:All */
function showCase(level) {
    trs = document.getElementsByTagName("tr");
    for (var i = 0; i < trs.length; i++) {
        tr = trs[i];
        id = tr.id;
        if (id.substr(0,2) == 'ft') {
            if (level < 1) {
                tr.className = 'hiddenRow';
            }
            else {
                tr.className = '';
            }
        }
        if (id.substr(0,2) == 'pt') {
            if (level > 1) {
                tr.className = '';
            }
            else {
                tr.className = 'hiddenRow';
            }
        }
    }
}


function showClassDetail(cid, count) {
    var id_list = Array(count);
    var toHide = 1;
    for (var i = 0; i < count; i++) {
        tid0 = 't' + cid.substr(1) + '.' + (i+1);
        tid = 'f' + tid0;
        tr = document.getElementById(tid);
        if (!tr) {
            tid = 'p' + tid0;
            tr = document.getElementById(tid);
        }
        id_list[i] = tid;
        if (tr.className) {
            toHide = 0;
        }
    }
    for (var i = 0; i < count; i++) {
        tid = id_list[i];
        if (toHide) {
            document.getElementById('div_'+tid).style.display = 'none'
            document.getElementById(tid).className = 'hiddenRow';
        }
        else {
            document.getElementById(tid).className = '';
        }
    }
}


function showTestDetail(div_id){
    var details_div = document.getElementById(div_id)
    var displayState = details_div.style.display
    // alert(displayState)
    if (displayState != 'block' ) {
        displayState = 'block'
        details_div.style.display = 'block'
    }
    else {
        details_div.style.display = 'none'
    }
}


function html_escape(s) {
    s = s.replace(/&/g,'&amp;');
    s = s.replace(/</g,'&lt;');
    s = s.replace(/>/g,'&gt;');
    return s;
}

/* obsoleted by detail in <div>
function showOutput(id, name) {
    var w = window.open("", //url
                    name,
                    "resizable,scrollbars,status,width=800,height=450");
    d = w.document;
    d.write("<pre>");
    d.write(html_escape(output_list[id]));
    d.write("\n");
    d.write("<a href='javascript:window.close()'>close</a>\n");
    d.write("</pre>\n");
    d.close();
}
*/
--></script>

<div class='heading'>
<h1>Unit Test Report</h1>
<p class='attribute'><strong>Start Time:</strong> 2020-04-29 12:14:47</p>
<p class='attribute'><strong>Duration:</strong> 0:10:42.246700</p>
<p class='attribute'><strong>Status:</strong> Pass 18 Failure 4 Error 6</p>

<p class='description'></p>
</div>



<p id='show_detail_line'>Show
<a href='javascript:showCase(0)'>Summary</a>
<a href='javascript:showCase(1)'>Failed</a>
<a href='javascript:showCase(2)'>All</a>
</p>
<table id='result_table'>
<colgroup>
<col align='left' />
<col align='right' />
<col align='right' />
<col align='right' />
<col align='right' />
<col align='right' />
</colgroup>
<tr id='header_row'>
    <td>Test Group/Test case</td>
    <td>Count</td>
    <td>Pass</td>
    <td>Fail</td>
    <td>Error</td>
    <td>View</td>
</tr>

<tr class='errorClass'>
    <td>woniuboss4.bin.test_resource.TestResource</td>
    <td>28</td>
    <td>18</td>
    <td>4</td>
    <td>6</td>
    <td><a href="javascript:showClassDetail('c1',28)">Detail</a></td>
</tr>

<tr id='pt1.1' class='hiddenRow'>
    <td class='none'><div class='testcase'>test_abandon_resource</div></td>
    <td colspan='5' align='center'>pass</td>
</tr>

<tr id='pt1.2' class='hiddenRow'>
    <td class='none'><div class='testcase'>test_claim_resource</div></td>
    <td colspan='5' align='center'>pass</td>
</tr>

<tr id='pt1.3' class='hiddenRow'>
    <td class='none'><div class='testcase'>test_common_query_0__</div></td>
    <td colspan='5' align='center'>pass</td>
</tr>

<tr id='pt1.4' class='hiddenRow'>
    <td class='none'><div class='testcase'>test_common_query_1__</div></td>
    <td colspan='5' align='center'>pass</td>
</tr>

<tr id='pt1.5' class='hiddenRow'>
    <td class='none'><div class='testcase'>test_common_query_2_15636251256</div></td>
    <td colspan='5' align='center'>pass</td>
</tr>

<tr id='pt1.6' class='hiddenRow'>
    <td class='none'><div class='testcase'>test_common_query_3_156362512561</div></td>
    <td colspan='5' align='center'>pass</td>
</tr>

<tr id='pt1.7' class='hiddenRow'>
    <td class='none'><div class='testcase'>test_common_query_4_1563625125</div></td>
    <td colspan='5' align='center'>pass</td>
</tr>

<tr id='pt1.8' class='hiddenRow'>
    <td class='none'><div class='testcase'>test_look_resume</div></td>
    <td colspan='5' align='center'>pass</td>
</tr>

<tr id='pt1.9' class='hiddenRow'>
    <td class='none'><div class='testcase'>test_query_resource_0_</div></td>
    <td colspan='5' align='center'>pass</td>
</tr>

<tr id='ft1.10' class='none'>
    <td class='failCase'><div class='testcase'>test_query_resource_0__</div></td>
    <td colspan='5' align='center'>

    <!--css div popup start-->
    <a class="popup_link" onfocus='this.blur();' href="javascript:showTestDetail('div_ft1.10')" >
        fail</a>

    <div id='div_ft1.10' class="popup_window">
        <div style='text-align: right; color:red;cursor:pointer'>
        <a onfocus='this.blur();' onclick="document.getElementById('div_ft1.10').style.display = 'none' " >
           [x]</a>
        </div>
        <pre>
        
ft1.10: Traceback (most recent call last):
  File "D:\Python\lib\site-packages\parameterized\parameterized.py", line 518, in standalone_func
    return func(*(a + p.args), **p.kwargs)
  File "F:\code\WoniuBoss\woniuboss4\bin\test_resource.py", line 53, in test_query_resource
    self.assertEqual(actual, expect)
AssertionError: 'add_successful' != 'add_failed'
- add_successful
+ add_failed

Traceback (most recent call last):
  File "D:\Python\lib\site-packages\parameterized\parameterized.py", line 518, in standalone_func
    return func(*(a + p.args), **p.kwargs)
  File "F:\code\WoniuBoss\woniuboss4\bin\test_resource.py", line 53, in test_query_resource
    self.assertEqual(actual, expect)
AssertionError: 'add_successful' != 'add_failed'
- add_successful
+ add_failed



        </pre>
    </div>
    <!--css div popup end-->

    </td>
</tr>

<tr id='ft1.11' class='none'>
    <td class='errorCase'><div class='testcase'>test_query_resource_1_</div></td>
    <td colspan='5' align='center'>

    <!--css div popup start-->
    <a class="popup_link" onfocus='this.blur();' href="javascript:showTestDetail('div_ft1.11')" >
        error</a>

    <div id='div_ft1.11' class="popup_window">
        <div style='text-align: right; color:red;cursor:pointer'>
        <a onfocus='this.blur();' onclick="document.getElementById('div_ft1.11').style.display = 'none' " >
           [x]</a>
        </div>
        <pre>
        
ft1.11: Traceback (most recent call last):
  File "D:\Python\lib\site-packages\parameterized\parameterized.py", line 518, in standalone_func
    return func(*(a + p.args), **p.kwargs)
  File "F:\code\WoniuBoss\woniuboss4\bin\test_resource.py", line 33, in test_query_resource
    self.resource.query_resource('..\\config\\base.conf', query_resource_data)
  File "F:\code\WoniuBoss\woniuboss4\lib\resource.py", line 83, in query_resource
    self.select_status()
  File "F:\code\WoniuBoss\woniuboss4\lib\resource.py", line 31, in select_status
    Service.select_random(state)
  File "F:\code\WoniuBoss\woniuboss4\tools\service.py", line 29, in select_random
    Select(selecter).select_by_index(random_index)
  File "D:\Python\lib\site-packages\selenium\webdriver\support\select.py", line 101, in select_by_index
    self._setSelected(opt)
  File "D:\Python\lib\site-packages\selenium\webdriver\support\select.py", line 212, in _setSelected
    option.click()
  File "D:\Python\lib\site-packages\selenium\webdriver\remote\webelement.py", line 80, in click
    self._execute(Command.CLICK_ELEMENT)
  File "D:\Python\lib\site-packages\selenium\webdriver\remote\webelement.py", line 633, in _execute
    return self._parent.execute(command, params)
  File "D:\Python\lib\site-packages\selenium\webdriver\remote\webdriver.py", line 321, in execute
    self.error_handler.check_response(response)
  File "D:\Python\lib\site-packages\selenium\webdriver\remote\errorhandler.py", line 242, in check_response
    raise exception_class(message, screen, stacktrace)
selenium.common.exceptions.ElementClickInterceptedException: Message: Element &lt;select class="sel-text" name="last_status"&gt; is not clickable at point (466,153) because another element &lt;div class="bootbox modal fade mydialog in"&gt; obscures it

Traceback (most recent call last):
  File "D:\Python\lib\site-packages\parameterized\parameterized.py", line 518, in standalone_func
    return func(*(a + p.args), **p.kwargs)
  File "F:\code\WoniuBoss\woniuboss4\bin\test_resource.py", line 33, in test_query_resource
    self.resource.query_resource('..\\config\\base.conf', query_resource_data)
  File "F:\code\WoniuBoss\woniuboss4\lib\resource.py", line 83, in query_resource
    self.select_status()
  File "F:\code\WoniuBoss\woniuboss4\lib\resource.py", line 31, in select_status
    Service.select_random(state)
  File "F:\code\WoniuBoss\woniuboss4\tools\service.py", line 29, in select_random
    Select(selecter).select_by_index(random_index)
  File "D:\Python\lib\site-packages\selenium\webdriver\support\select.py", line 101, in select_by_index
    self._setSelected(opt)
  File "D:\Python\lib\site-packages\selenium\webdriver\support\select.py", line 212, in _setSelected
    option.click()
  File "D:\Python\lib\site-packages\selenium\webdriver\remote\webelement.py", line 80, in click
    self._execute(Command.CLICK_ELEMENT)
  File "D:\Python\lib\site-packages\selenium\webdriver\remote\webelement.py", line 633, in _execute
    return self._parent.execute(command, params)
  File "D:\Python\lib\site-packages\selenium\webdriver\remote\webdriver.py", line 321, in execute
    self.error_handler.check_response(response)
  File "D:\Python\lib\site-packages\selenium\webdriver\remote\errorhandler.py", line 242, in check_response
    raise exception_class(message, screen, stacktrace)
selenium.common.exceptions.ElementClickInterceptedException: Message: Element &lt;select class="sel-text" name="last_status"&gt; is not clickable at point (466,153) because another element &lt;div class="bootbox modal fade mydialog in"&gt; obscures it



        </pre>
    </div>
    <!--css div popup end-->

    </td>
</tr>

<tr id='ft1.12' class='none'>
    <td class='errorCase'><div class='testcase'>test_query_resource_1__</div></td>
    <td colspan='5' align='center'>

    <!--css div popup start-->
    <a class="popup_link" onfocus='this.blur();' href="javascript:showTestDetail('div_ft1.12')" >
        error</a>

    <div id='div_ft1.12' class="popup_window">
        <div style='text-align: right; color:red;cursor:pointer'>
        <a onfocus='this.blur();' onclick="document.getElementById('div_ft1.12').style.display = 'none' " >
           [x]</a>
        </div>
        <pre>
        
ft1.12: Traceback (most recent call last):
  File "D:\Python\lib\site-packages\parameterized\parameterized.py", line 518, in standalone_func
    return func(*(a + p.args), **p.kwargs)
  File "F:\code\WoniuBoss\woniuboss4\bin\test_resource.py", line 46, in test_query_resource
    self.resource.add_resource('..\\config\\base.conf', add_resource_data)
  File "F:\code\WoniuBoss\woniuboss4\lib\resource.py", line 137, in add_resource
    self.select_save()
  File "F:\code\WoniuBoss\woniuboss4\lib\resource.py", line 123, in select_save
    self.driver.find_element_by_css_selector('.bootbox &gt; div:nth-child(1) &gt; div:nth-child(1) &gt; div:nth-child(3) &gt; button:nth-child(1)').click()
  File "D:\Python\lib\site-packages\selenium\webdriver\remote\webdriver.py", line 598, in find_element_by_css_selector
    return self.find_element(by=By.CSS_SELECTOR, value=css_selector)
  File "D:\Python\lib\site-packages\selenium\webdriver\remote\webdriver.py", line 978, in find_element
    'value': value})['value']
  File "D:\Python\lib\site-packages\selenium\webdriver\remote\webdriver.py", line 321, in execute
    self.error_handler.check_response(response)
  File "D:\Python\lib\site-packages\selenium\webdriver\remote\errorhandler.py", line 242, in check_response
    raise exception_class(message, screen, stacktrace)
selenium.common.exceptions.NoSuchElementException: Message: Unable to locate element: .bootbox &gt; div:nth-child(1) &gt; div:nth-child(1) &gt; div:nth-child(3) &gt; button:nth-child(1)

Traceback (most recent call last):
  File "D:\Python\lib\site-packages\parameterized\parameterized.py", line 518, in standalone_func
    return func(*(a + p.args), **p.kwargs)
  File "F:\code\WoniuBoss\woniuboss4\bin\test_resource.py", line 46, in test_query_resource
    self.resource.add_resource('..\\config\\base.conf', add_resource_data)
  File "F:\code\WoniuBoss\woniuboss4\lib\resource.py", line 137, in add_resource
    self.select_save()
  File "F:\code\WoniuBoss\woniuboss4\lib\resource.py", line 123, in select_save
    self.driver.find_element_by_css_selector('.bootbox &gt; div:nth-child(1) &gt; div:nth-child(1) &gt; div:nth-child(3) &gt; button:nth-child(1)').click()
  File "D:\Python\lib\site-packages\selenium\webdriver\remote\webdriver.py", line 598, in find_element_by_css_selector
    return self.find_element(by=By.CSS_SELECTOR, value=css_selector)
  File "D:\Python\lib\site-packages\selenium\webdriver\remote\webdriver.py", line 978, in find_element
    'value': value})['value']
  File "D:\Python\lib\site-packages\selenium\webdriver\remote\webdriver.py", line 321, in execute
    self.error_handler.check_response(response)
  File "D:\Python\lib\site-packages\selenium\webdriver\remote\errorhandler.py", line 242, in check_response
    raise exception_class(message, screen, stacktrace)
selenium.common.exceptions.NoSuchElementException: Message: Unable to locate element: .bootbox &gt; div:nth-child(1) &gt; div:nth-child(1) &gt; div:nth-child(3) &gt; button:nth-child(1)



        </pre>
    </div>
    <!--css div popup end-->

    </td>
</tr>

<tr id='pt1.13' class='hiddenRow'>
    <td class='none'><div class='testcase'>test_query_resource_2_</div></td>
    <td colspan='5' align='center'>pass</td>
</tr>

<tr id='ft1.14' class='none'>
    <td class='failCase'><div class='testcase'>test_query_resource_2__</div></td>
    <td colspan='5' align='center'>

    <!--css div popup start-->
    <a class="popup_link" onfocus='this.blur();' href="javascript:showTestDetail('div_ft1.14')" >
        fail</a>

    <div id='div_ft1.14' class="popup_window">
        <div style='text-align: right; color:red;cursor:pointer'>
        <a onfocus='this.blur();' onclick="document.getElementById('div_ft1.14').style.display = 'none' " >
           [x]</a>
        </div>
        <pre>
        
ft1.14: Traceback (most recent call last):
  File "D:\Python\lib\site-packages\parameterized\parameterized.py", line 518, in standalone_func
    return func(*(a + p.args), **p.kwargs)
  File "F:\code\WoniuBoss\woniuboss4\bin\test_resource.py", line 53, in test_query_resource
    self.assertEqual(actual, expect)
AssertionError: 'add_successful' != 'add_failed'
- add_successful
+ add_failed

Traceback (most recent call last):
  File "D:\Python\lib\site-packages\parameterized\parameterized.py", line 518, in standalone_func
    return func(*(a + p.args), **p.kwargs)
  File "F:\code\WoniuBoss\woniuboss4\bin\test_resource.py", line 53, in test_query_resource
    self.assertEqual(actual, expect)
AssertionError: 'add_successful' != 'add_failed'
- add_successful
+ add_failed



        </pre>
    </div>
    <!--css div popup end-->

    </td>
</tr>

<tr id='pt1.15' class='hiddenRow'>
    <td class='none'><div class='testcase'>test_query_resource_3_</div></td>
    <td colspan='5' align='center'>pass</td>
</tr>

<tr id='ft1.16' class='none'>
    <td class='errorCase'><div class='testcase'>test_query_resource_3__</div></td>
    <td colspan='5' align='center'>

    <!--css div popup start-->
    <a class="popup_link" onfocus='this.blur();' href="javascript:showTestDetail('div_ft1.16')" >
        error</a>

    <div id='div_ft1.16' class="popup_window">
        <div style='text-align: right; color:red;cursor:pointer'>
        <a onfocus='this.blur();' onclick="document.getElementById('div_ft1.16').style.display = 'none' " >
           [x]</a>
        </div>
        <pre>
        
ft1.16: Traceback (most recent call last):
  File "D:\Python\lib\site-packages\parameterized\parameterized.py", line 518, in standalone_func
    return func(*(a + p.args), **p.kwargs)
  File "F:\code\WoniuBoss\woniuboss4\bin\test_resource.py", line 46, in test_query_resource
    self.resource.add_resource('..\\config\\base.conf', add_resource_data)
  File "F:\code\WoniuBoss\woniuboss4\lib\resource.py", line 137, in add_resource
    self.select_save()
  File "F:\code\WoniuBoss\woniuboss4\lib\resource.py", line 123, in select_save
    self.driver.find_element_by_css_selector('.bootbox &gt; div:nth-child(1) &gt; div:nth-child(1) &gt; div:nth-child(3) &gt; button:nth-child(1)').click()
  File "D:\Python\lib\site-packages\selenium\webdriver\remote\webdriver.py", line 598, in find_element_by_css_selector
    return self.find_element(by=By.CSS_SELECTOR, value=css_selector)
  File "D:\Python\lib\site-packages\selenium\webdriver\remote\webdriver.py", line 978, in find_element
    'value': value})['value']
  File "D:\Python\lib\site-packages\selenium\webdriver\remote\webdriver.py", line 321, in execute
    self.error_handler.check_response(response)
  File "D:\Python\lib\site-packages\selenium\webdriver\remote\errorhandler.py", line 242, in check_response
    raise exception_class(message, screen, stacktrace)
selenium.common.exceptions.NoSuchElementException: Message: Unable to locate element: .bootbox &gt; div:nth-child(1) &gt; div:nth-child(1) &gt; div:nth-child(3) &gt; button:nth-child(1)

Traceback (most recent call last):
  File "D:\Python\lib\site-packages\parameterized\parameterized.py", line 518, in standalone_func
    return func(*(a + p.args), **p.kwargs)
  File "F:\code\WoniuBoss\woniuboss4\bin\test_resource.py", line 46, in test_query_resource
    self.resource.add_resource('..\\config\\base.conf', add_resource_data)
  File "F:\code\WoniuBoss\woniuboss4\lib\resource.py", line 137, in add_resource
    self.select_save()
  File "F:\code\WoniuBoss\woniuboss4\lib\resource.py", line 123, in select_save
    self.driver.find_element_by_css_selector('.bootbox &gt; div:nth-child(1) &gt; div:nth-child(1) &gt; div:nth-child(3) &gt; button:nth-child(1)').click()
  File "D:\Python\lib\site-packages\selenium\webdriver\remote\webdriver.py", line 598, in find_element_by_css_selector
    return self.find_element(by=By.CSS_SELECTOR, value=css_selector)
  File "D:\Python\lib\site-packages\selenium\webdriver\remote\webdriver.py", line 978, in find_element
    'value': value})['value']
  File "D:\Python\lib\site-packages\selenium\webdriver\remote\webdriver.py", line 321, in execute
    self.error_handler.check_response(response)
  File "D:\Python\lib\site-packages\selenium\webdriver\remote\errorhandler.py", line 242, in check_response
    raise exception_class(message, screen, stacktrace)
selenium.common.exceptions.NoSuchElementException: Message: Unable to locate element: .bootbox &gt; div:nth-child(1) &gt; div:nth-child(1) &gt; div:nth-child(3) &gt; button:nth-child(1)



        </pre>
    </div>
    <!--css div popup end-->

    </td>
</tr>

<tr id='pt1.17' class='hiddenRow'>
    <td class='none'><div class='testcase'>test_query_resource_4_</div></td>
    <td colspan='5' align='center'>pass</td>
</tr>

<tr id='ft1.18' class='none'>
    <td class='failCase'><div class='testcase'>test_query_resource_4__</div></td>
    <td colspan='5' align='center'>

    <!--css div popup start-->
    <a class="popup_link" onfocus='this.blur();' href="javascript:showTestDetail('div_ft1.18')" >
        fail</a>

    <div id='div_ft1.18' class="popup_window">
        <div style='text-align: right; color:red;cursor:pointer'>
        <a onfocus='this.blur();' onclick="document.getElementById('div_ft1.18').style.display = 'none' " >
           [x]</a>
        </div>
        <pre>
        
ft1.18: Traceback (most recent call last):
  File "D:\Python\lib\site-packages\parameterized\parameterized.py", line 518, in standalone_func
    return func(*(a + p.args), **p.kwargs)
  File "F:\code\WoniuBoss\woniuboss4\bin\test_resource.py", line 53, in test_query_resource
    self.assertEqual(actual, expect)
AssertionError: 'add_successful' != 'add_failed'
- add_successful
+ add_failed

Traceback (most recent call last):
  File "D:\Python\lib\site-packages\parameterized\parameterized.py", line 518, in standalone_func
    return func(*(a + p.args), **p.kwargs)
  File "F:\code\WoniuBoss\woniuboss4\bin\test_resource.py", line 53, in test_query_resource
    self.assertEqual(actual, expect)
AssertionError: 'add_successful' != 'add_failed'
- add_successful
+ add_failed



        </pre>
    </div>
    <!--css div popup end-->

    </td>
</tr>

<tr id='pt1.19' class='hiddenRow'>
    <td class='none'><div class='testcase'>test_query_resource_5_</div></td>
    <td colspan='5' align='center'>pass</td>
</tr>

<tr id='ft1.20' class='none'>
    <td class='errorCase'><div class='testcase'>test_query_resource_5__</div></td>
    <td colspan='5' align='center'>

    <!--css div popup start-->
    <a class="popup_link" onfocus='this.blur();' href="javascript:showTestDetail('div_ft1.20')" >
        error</a>

    <div id='div_ft1.20' class="popup_window">
        <div style='text-align: right; color:red;cursor:pointer'>
        <a onfocus='this.blur();' onclick="document.getElementById('div_ft1.20').style.display = 'none' " >
           [x]</a>
        </div>
        <pre>
        
ft1.20: Traceback (most recent call last):
  File "D:\Python\lib\site-packages\parameterized\parameterized.py", line 518, in standalone_func
    return func(*(a + p.args), **p.kwargs)
  File "F:\code\WoniuBoss\woniuboss4\bin\test_resource.py", line 46, in test_query_resource
    self.resource.add_resource('..\\config\\base.conf', add_resource_data)
  File "F:\code\WoniuBoss\woniuboss4\lib\resource.py", line 137, in add_resource
    self.select_save()
  File "F:\code\WoniuBoss\woniuboss4\lib\resource.py", line 123, in select_save
    self.driver.find_element_by_css_selector('.bootbox &gt; div:nth-child(1) &gt; div:nth-child(1) &gt; div:nth-child(3) &gt; button:nth-child(1)').click()
  File "D:\Python\lib\site-packages\selenium\webdriver\remote\webdriver.py", line 598, in find_element_by_css_selector
    return self.find_element(by=By.CSS_SELECTOR, value=css_selector)
  File "D:\Python\lib\site-packages\selenium\webdriver\remote\webdriver.py", line 978, in find_element
    'value': value})['value']
  File "D:\Python\lib\site-packages\selenium\webdriver\remote\webdriver.py", line 321, in execute
    self.error_handler.check_response(response)
  File "D:\Python\lib\site-packages\selenium\webdriver\remote\errorhandler.py", line 242, in check_response
    raise exception_class(message, screen, stacktrace)
selenium.common.exceptions.NoSuchElementException: Message: Unable to locate element: .bootbox &gt; div:nth-child(1) &gt; div:nth-child(1) &gt; div:nth-child(3) &gt; button:nth-child(1)

Traceback (most recent call last):
  File "D:\Python\lib\site-packages\parameterized\parameterized.py", line 518, in standalone_func
    return func(*(a + p.args), **p.kwargs)
  File "F:\code\WoniuBoss\woniuboss4\bin\test_resource.py", line 46, in test_query_resource
    self.resource.add_resource('..\\config\\base.conf', add_resource_data)
  File "F:\code\WoniuBoss\woniuboss4\lib\resource.py", line 137, in add_resource
    self.select_save()
  File "F:\code\WoniuBoss\woniuboss4\lib\resource.py", line 123, in select_save
    self.driver.find_element_by_css_selector('.bootbox &gt; div:nth-child(1) &gt; div:nth-child(1) &gt; div:nth-child(3) &gt; button:nth-child(1)').click()
  File "D:\Python\lib\site-packages\selenium\webdriver\remote\webdriver.py", line 598, in find_element_by_css_selector
    return self.find_element(by=By.CSS_SELECTOR, value=css_selector)
  File "D:\Python\lib\site-packages\selenium\webdriver\remote\webdriver.py", line 978, in find_element
    'value': value})['value']
  File "D:\Python\lib\site-packages\selenium\webdriver\remote\webdriver.py", line 321, in execute
    self.error_handler.check_response(response)
  File "D:\Python\lib\site-packages\selenium\webdriver\remote\errorhandler.py", line 242, in check_response
    raise exception_class(message, screen, stacktrace)
selenium.common.exceptions.NoSuchElementException: Message: Unable to locate element: .bootbox &gt; div:nth-child(1) &gt; div:nth-child(1) &gt; div:nth-child(3) &gt; button:nth-child(1)



        </pre>
    </div>
    <!--css div popup end-->

    </td>
</tr>

<tr id='ft1.21' class='none'>
    <td class='failCase'><div class='testcase'>test_query_resource_6_</div></td>
    <td colspan='5' align='center'>

    <!--css div popup start-->
    <a class="popup_link" onfocus='this.blur();' href="javascript:showTestDetail('div_ft1.21')" >
        fail</a>

    <div id='div_ft1.21' class="popup_window">
        <div style='text-align: right; color:red;cursor:pointer'>
        <a onfocus='this.blur();' onclick="document.getElementById('div_ft1.21').style.display = 'none' " >
           [x]</a>
        </div>
        <pre>
        
ft1.21: Traceback (most recent call last):
  File "D:\Python\lib\site-packages\parameterized\parameterized.py", line 518, in standalone_func
    return func(*(a + p.args), **p.kwargs)
  File "F:\code\WoniuBoss\woniuboss4\bin\test_resource.py", line 53, in test_query_resource
    self.assertEqual(actual, expect)
AssertionError: 'add_successful' != 'add_failed'
- add_successful
+ add_failed

Traceback (most recent call last):
  File "D:\Python\lib\site-packages\parameterized\parameterized.py", line 518, in standalone_func
    return func(*(a + p.args), **p.kwargs)
  File "F:\code\WoniuBoss\woniuboss4\bin\test_resource.py", line 53, in test_query_resource
    self.assertEqual(actual, expect)
AssertionError: 'add_successful' != 'add_failed'
- add_successful
+ add_failed



        </pre>
    </div>
    <!--css div popup end-->

    </td>
</tr>

<tr id='ft1.22' class='none'>
    <td class='errorCase'><div class='testcase'>test_query_resource_7__</div></td>
    <td colspan='5' align='center'>

    <!--css div popup start-->
    <a class="popup_link" onfocus='this.blur();' href="javascript:showTestDetail('div_ft1.22')" >
        error</a>

    <div id='div_ft1.22' class="popup_window">
        <div style='text-align: right; color:red;cursor:pointer'>
        <a onfocus='this.blur();' onclick="document.getElementById('div_ft1.22').style.display = 'none' " >
           [x]</a>
        </div>
        <pre>
        
ft1.22: Traceback (most recent call last):
  File "D:\Python\lib\site-packages\parameterized\parameterized.py", line 518, in standalone_func
    return func(*(a + p.args), **p.kwargs)
  File "F:\code\WoniuBoss\woniuboss4\bin\test_resource.py", line 46, in test_query_resource
    self.resource.add_resource('..\\config\\base.conf', add_resource_data)
  File "F:\code\WoniuBoss\woniuboss4\lib\resource.py", line 137, in add_resource
    self.select_save()
  File "F:\code\WoniuBoss\woniuboss4\lib\resource.py", line 123, in select_save
    self.driver.find_element_by_css_selector('.bootbox &gt; div:nth-child(1) &gt; div:nth-child(1) &gt; div:nth-child(3) &gt; button:nth-child(1)').click()
  File "D:\Python\lib\site-packages\selenium\webdriver\remote\webdriver.py", line 598, in find_element_by_css_selector
    return self.find_element(by=By.CSS_SELECTOR, value=css_selector)
  File "D:\Python\lib\site-packages\selenium\webdriver\remote\webdriver.py", line 978, in find_element
    'value': value})['value']
  File "D:\Python\lib\site-packages\selenium\webdriver\remote\webdriver.py", line 321, in execute
    self.error_handler.check_response(response)
  File "D:\Python\lib\site-packages\selenium\webdriver\remote\errorhandler.py", line 242, in check_response
    raise exception_class(message, screen, stacktrace)
selenium.common.exceptions.NoSuchElementException: Message: Unable to locate element: .bootbox &gt; div:nth-child(1) &gt; div:nth-child(1) &gt; div:nth-child(3) &gt; button:nth-child(1)

Traceback (most recent call last):
  File "D:\Python\lib\site-packages\parameterized\parameterized.py", line 518, in standalone_func
    return func(*(a + p.args), **p.kwargs)
  File "F:\code\WoniuBoss\woniuboss4\bin\test_resource.py", line 46, in test_query_resource
    self.resource.add_resource('..\\config\\base.conf', add_resource_data)
  File "F:\code\WoniuBoss\woniuboss4\lib\resource.py", line 137, in add_resource
    self.select_save()
  File "F:\code\WoniuBoss\woniuboss4\lib\resource.py", line 123, in select_save
    self.driver.find_element_by_css_selector('.bootbox &gt; div:nth-child(1) &gt; div:nth-child(1) &gt; div:nth-child(3) &gt; button:nth-child(1)').click()
  File "D:\Python\lib\site-packages\selenium\webdriver\remote\webdriver.py", line 598, in find_element_by_css_selector
    return self.find_element(by=By.CSS_SELECTOR, value=css_selector)
  File "D:\Python\lib\site-packages\selenium\webdriver\remote\webdriver.py", line 978, in find_element
    'value': value})['value']
  File "D:\Python\lib\site-packages\selenium\webdriver\remote\webdriver.py", line 321, in execute
    self.error_handler.check_response(response)
  File "D:\Python\lib\site-packages\selenium\webdriver\remote\errorhandler.py", line 242, in check_response
    raise exception_class(message, screen, stacktrace)
selenium.common.exceptions.NoSuchElementException: Message: Unable to locate element: .bootbox &gt; div:nth-child(1) &gt; div:nth-child(1) &gt; div:nth-child(3) &gt; button:nth-child(1)



        </pre>
    </div>
    <!--css div popup end-->

    </td>
</tr>

<tr id='pt1.23' class='hiddenRow'>
    <td class='none'><div class='testcase'>test_transfer_query_0__</div></td>
    <td colspan='5' align='center'>pass</td>
</tr>

<tr id='pt1.24' class='hiddenRow'>
    <td class='none'><div class='testcase'>test_transfer_query_1__</div></td>
    <td colspan='5' align='center'>pass</td>
</tr>

<tr id='pt1.25' class='hiddenRow'>
    <td class='none'><div class='testcase'>test_transfer_query_2_15874512545</div></td>
    <td colspan='5' align='center'>pass</td>
</tr>

<tr id='pt1.26' class='hiddenRow'>
    <td class='none'><div class='testcase'>test_transfer_query_3_158745125451</div></td>
    <td colspan='5' align='center'>pass</td>
</tr>

<tr id='pt1.27' class='hiddenRow'>
    <td class='none'><div class='testcase'>test_transfer_query_4_1587451254</div></td>
    <td colspan='5' align='center'>pass</td>
</tr>

<tr id='ft1.28' class='none'>
    <td class='errorCase'><div class='testcase'>test_turn_resource</div></td>
    <td colspan='5' align='center'>

    <!--css div popup start-->
    <a class="popup_link" onfocus='this.blur();' href="javascript:showTestDetail('div_ft1.28')" >
        error</a>

    <div id='div_ft1.28' class="popup_window">
        <div style='text-align: right; color:red;cursor:pointer'>
        <a onfocus='this.blur();' onclick="document.getElementById('div_ft1.28').style.display = 'none' " >
           [x]</a>
        </div>
        <pre>
        
ft1.28: Traceback (most recent call last):
  File "F:\code\WoniuBoss\woniuboss4\bin\test_resource.py", line 93, in test_turn_resource
    self.resource.turn_resource('..\\config\\base.conf')
  File "F:\code\WoniuBoss\woniuboss4\lib\resource.py", line 303, in turn_resource
    self.click_sure_button()
  File "F:\code\WoniuBoss\woniuboss4\lib\resource.py", line 286, in click_sure_button
    self.driver.find_element_by_css_selector('button.btn:nth-child(2)').click()
  File "D:\Python\lib\site-packages\selenium\webdriver\remote\webdriver.py", line 598, in find_element_by_css_selector
    return self.find_element(by=By.CSS_SELECTOR, value=css_selector)
  File "D:\Python\lib\site-packages\selenium\webdriver\remote\webdriver.py", line 978, in find_element
    'value': value})['value']
  File "D:\Python\lib\site-packages\selenium\webdriver\remote\webdriver.py", line 321, in execute
    self.error_handler.check_response(response)
  File "D:\Python\lib\site-packages\selenium\webdriver\remote\errorhandler.py", line 242, in check_response
    raise exception_class(message, screen, stacktrace)
selenium.common.exceptions.NoSuchElementException: Message: Unable to locate element: button.btn:nth-child(2)

Traceback (most recent call last):
  File "F:\code\WoniuBoss\woniuboss4\bin\test_resource.py", line 93, in test_turn_resource
    self.resource.turn_resource('..\\config\\base.conf')
  File "F:\code\WoniuBoss\woniuboss4\lib\resource.py", line 303, in turn_resource
    self.click_sure_button()
  File "F:\code\WoniuBoss\woniuboss4\lib\resource.py", line 286, in click_sure_button
    self.driver.find_element_by_css_selector('button.btn:nth-child(2)').click()
  File "D:\Python\lib\site-packages\selenium\webdriver\remote\webdriver.py", line 598, in find_element_by_css_selector
    return self.find_element(by=By.CSS_SELECTOR, value=css_selector)
  File "D:\Python\lib\site-packages\selenium\webdriver\remote\webdriver.py", line 978, in find_element
    'value': value})['value']
  File "D:\Python\lib\site-packages\selenium\webdriver\remote\webdriver.py", line 321, in execute
    self.error_handler.check_response(response)
  File "D:\Python\lib\site-packages\selenium\webdriver\remote\errorhandler.py", line 242, in check_response
    raise exception_class(message, screen, stacktrace)
selenium.common.exceptions.NoSuchElementException: Message: Unable to locate element: button.btn:nth-child(2)



        </pre>
    </div>
    <!--css div popup end-->

    </td>
</tr>

<tr id='total_row'>
    <td>Total</td>
    <td>28</td>
    <td>18</td>
    <td>4</td>
    <td>6</td>
    <td>&nbsp;</td>
</tr>
</table>

<div id='ending'>&nbsp;</div>

</body>
</html>
